<?xml version="1.0" encoding="utf-8"?><testsuites name="pytest tests"><testsuite name="pytest" errors="0" failures="0" skipped="0" tests="13" time="14.475" timestamp="2026-08-07T21:54:47.908686+00:00" hostname="agent-env-321b468c-81dc-4ae1-b183-6eb9c8226671"><testcase classname="backend.tests.test_ecoes_fase1.TestThoughtCreation" name="test_create_thought_success" time="0.442" /><testcase classname="backend.tests.test_ecoes_fase1.TestThoughtCreation" name="test_thought_up_to_3000_chars_accepted" time="0.103" /><testcase classname="backend.tests.test_ecoes_fase1.TestThoughtCreation" name="test_thought_over_3000_chars_truncated" time="0.106" /><testcase classname="backend.tests.test_ecoes_fase1.TestThoughtCreation" name="test_empty_thought_rejected_400" time="0.123" /><testcase classname="backend.tests.test_ecoes_fase1.TestFeedIncludesThoughts" name="test_feed_contains_new_thought" time="0.226" /><testcase classname="backend.tests.test_ecoes_fase1.TestTranslate" name="test_translate_it_to_en_and_cache" time="1.214" /><testcase classname="backend.tests.test_ecoes_fase1.TestTranslate" name="test_translate_same_language_returns_unchanged" time="1.287" /><testcase classname="backend.tests.test_ecoes_fase1.TestTranslate" name="test_translate_empty_text" time="0.097" /><testcase classname="backend.tests.test_ecoes_fase1.TestMediaVariants" name="test_media_size_variant[thumb]" time="4.417" /><testcase classname="backend.tests.test_ecoes_fase1.TestMediaVariants" name="test_media_size_variant[feed]" time="0.492" /><testcase classname="backend.tests.test_ecoes_fase1.TestMediaVariants" name="test_media_size_variant[detail]" time="0.551" /><testcase classname="backend.tests.test_ecoes_fase1.TestMediaVariants" name="test_media_size_variant[master]" time="4.861" /><testcase classname="backend.tests.test_ecoes_fase1.TestMediaVariants" name="test_media_size_variant[original]" time="0.537" /></testsuite></testsuites>