<?xml version="1.0" encoding="utf-8"?><testsuites name="pytest tests"><testsuite name="pytest" errors="0" failures="0" skipped="0" tests="14" time="1.964" timestamp="2026-07-25T16:32:00.056645+00:00" hostname="agent-env-321b468c-81dc-4ae1-b183-6eb9c8226671"><testcase classname="backend.tests.test_overview_iter7.TestNicknameAvailable" name="test_taken_nickname_returns_false" time="0.231" /><testcase classname="backend.tests.test_overview_iter7.TestNicknameAvailable" name="test_random_unused_returns_true" time="0.052" /><testcase classname="backend.tests.test_overview_iter7.TestNicknameAvailable" name="test_too_short_returns_false_with_reason" time="0.041" /><testcase classname="backend.tests.test_overview_iter7.TestNicknameAvailable" name="test_invalid_chars_returns_false_with_reason" time="0.047" /><testcase classname="backend.tests.test_overview_iter7.TestAuthorCodeOnRegister" name="test_register_returns_3char_author_code" time="0.274" /><testcase classname="backend.tests.test_overview_iter7.TestAuthorCodeOnRegister" name="test_uniqueness_similar_nickname_yields_different_code" time="0.272" /><testcase classname="backend.tests.test_overview_iter7.TestBackfillAuthorCode" name="test_explorer_has_author_code" time="0.317" /><testcase classname="backend.tests.test_overview_iter7.TestUpdateMeNickname" name="test_rename_valid_available_keeps_author_code" time="0.405" /><testcase classname="backend.tests.test_overview_iter7.TestUpdateMeNickname" name="test_rename_to_taken_returns_409" time="0.043" /><testcase classname="backend.tests.test_overview_iter7.TestUpdateMeNickname" name="test_rename_invalid_chars_returns_400" time="0.048" /><testcase classname="backend.tests.test_overview_iter7.TestUpdateMeNickname" name="test_rename_too_short_returns_400" time="0.047" /><testcase classname="backend.tests.test_overview_iter7.TestSearch" name="test_search_keyword_luna" time="0.046" /><testcase classname="backend.tests.test_overview_iter7.TestSearch" name="test_search_empty_returns_default_list" time="0.047" /><testcase classname="backend.tests.test_overview_iter7.TestSearch" name="test_search_nlp_hint_does_not_error" time="0.050" /></testsuite></testsuites>