<?xml version="1.0" encoding="utf-8"?><testsuites name="pytest tests"><testsuite name="pytest" errors="0" failures="0" skipped="0" tests="17" time="14.071" timestamp="2026-08-09T22:10:57.192724+00:00" hostname="agent-env-321b468c-81dc-4ae1-b183-6eb9c8226671"><testcase classname="backend.tests.test_ecoes_fase3.TestRoomDetail" name="test_room_detail_shape" time="0.569" /><testcase classname="backend.tests.test_ecoes_fase3.TestRoomDetail" name="test_room_detail_forbidden_for_outsider" time="0.449" /><testcase classname="backend.tests.test_ecoes_fase3.TestThreads" name="test_post_with_valid_parent_creates_reply" time="3.849" /><testcase classname="backend.tests.test_ecoes_fase3.TestThreads" name="test_post_with_invalid_parent_returns_404" time="0.102" /><testcase classname="backend.tests.test_ecoes_fase3.TestThreads" name="test_post_forbidden_for_outsider" time="0.161" /><testcase classname="backend.tests.test_ecoes_fase3.TestShareSense" name="test_share_sense_room_only_returns_image_url_and_no_obs" time="1.683" /><testcase classname="backend.tests.test_ecoes_fase3.TestShareSense" name="test_share_sense_with_obs_id_references_observation" time="3.937" /><testcase classname="backend.tests.test_ecoes_fase3.TestShareSense" name="test_share_sense_missing_both_returns_400" time="0.119" /><testcase classname="backend.tests.test_ecoes_fase3.TestShareSense" name="test_share_sense_forbidden_for_outsider" time="0.106" /><testcase classname="backend.tests.test_ecoes_fase3.TestReport" name="test_report_post_returns_handled_by" time="1.113" /><testcase classname="backend.tests.test_ecoes_fase3.TestReport" name="test_report_connection_level_no_post_id" time="0.113" /><testcase classname="backend.tests.test_ecoes_fase3.TestReport" name="test_report_forbidden_for_outsider" time="0.106" /><testcase classname="backend.tests.test_ecoes_fase3.TestRegressions" name="test_globe" time="0.106" /><testcase classname="backend.tests.test_ecoes_fase3.TestRegressions" name="test_proposals" time="0.103" /><testcase classname="backend.tests.test_ecoes_fase3.TestRegressions" name="test_my" time="0.104" /><testcase classname="backend.tests.test_ecoes_fase3.TestRegressions" name="test_leave_and_rejoin_via_reinsert" time="0.420" /><testcase classname="backend.tests.test_ecoes_fase3.TestModeration" name="test_moderation_blocks_abuse_if_llm_key" time="0.984" /></testsuite></testsuites>