<?xml version="1.0" encoding="utf-8"?><testsuites name="pytest tests"><testsuite name="pytest" errors="0" failures="0" skipped="0" tests="6" time="4.633" timestamp="2026-07-25T06:39:30.894096+00:00" hostname="agent-env-321b468c-81dc-4ae1-b183-6eb9c8226671"><testcase classname="backend.tests.test_pulse_expiry_iter6.TestPulseCreation" name="test_pulse_without_image_returns_400" time="0.442" /><testcase classname="backend.tests.test_pulse_expiry_iter6.TestPulseCreation" name="test_pulse_with_image_creates_and_returns_image_url" time="3.650" /><testcase classname="backend.tests.test_pulse_expiry_iter6.TestPulseCreation" name="test_pulse_expires_at_is_24h_ahead" time="0.181" /><testcase classname="backend.tests.test_pulse_expiry_iter6.TestPulseFeedFilters" name="test_feed_items_all_have_image_url" time="0.101" /><testcase classname="backend.tests.test_pulse_expiry_iter6.TestPulseFeedFilters" name="test_feed_items_all_within_24h" time="0.101" /><testcase classname="backend.tests.test_pulse_expiry_iter6.TestGeneralFeedSanity" name="test_feed_recent" time="0.133" /></testsuite></testsuites>