<?xml version="1.0" encoding="utf-8"?><testsuites name="pytest tests"><testsuite name="pytest" errors="0" failures="0" skipped="0" tests="8" time="3.989" timestamp="2026-07-24T20:46:10.388258+00:00" hostname="agent-env-321b468c-81dc-4ae1-b183-6eb9c8226671"><testcase classname="backend.tests.test_observe_unify.TestPublishSafetyNet" name="test_image_without_base64_returns_400" time="0.575" /><testcase classname="backend.tests.test_observe_unify.TestPublishSafetyNet" name="test_image_with_valid_base64_returns_200" time="1.685" /><testcase classname="backend.tests.test_observe_unify.TestPublishSafetyNet" name="test_pulse_without_image_returns_400" time="0.102" /><testcase classname="backend.tests.test_observe_unify.TestPublishSafetyNet" name="test_pulse_with_image_returns_200" time="0.266" /><testcase classname="backend.tests.test_observe_unify.TestPatchObservation" name="test_author_can_persist_sense_layers_and_legend" time="0.485" /><testcase classname="backend.tests.test_observe_unify.TestPatchObservation" name="test_non_author_patch_returns_403" time="0.438" /><testcase classname="backend.tests.test_observe_unify.TestPulseFeed" name="test_pulse_feed_returns_only_pulses" time="0.409" /><testcase classname="backend.tests.test_observe_unify" name="test_jpeg_helper_is_decodable" time="0.000" /></testsuite></testsuites>