<?xml version="1.0" encoding="utf-8"?><testsuites name="pytest tests"><testsuite name="pytest" errors="0" failures="0" skipped="0" tests="11" time="3.420" timestamp="2026-07-23T18:06:51.809124+00:00" hostname="agent-env-321b468c-81dc-4ae1-b183-6eb9c8226671"><testcase classname="backend.tests.test_publish_observation.TestSeedLogin" name="test_login_returns_bearer_token" time="0.544" /><testcase classname="backend.tests.test_publish_observation.TestPublishObservation" name="test_publish_with_places_returns_200_and_id" time="1.708" /><testcase classname="backend.tests.test_publish_observation.TestPublishObservation" name="test_publish_persisted_via_get" time="0.062" /><testcase classname="backend.tests.test_publish_observation.TestPublishObservation" name="test_publish_persisted_in_feed" time="0.060" /><testcase classname="backend.tests.test_publish_observation.TestPublishObservation" name="test_publish_repeated_three_times_no_500" time="0.747" /><testcase classname="backend.tests.test_publish_observation.TestPublishAuthEnforcement" name="test_publish_without_authorization_is_401" time="0.051" /><testcase classname="backend.tests.test_publish_observation.TestPublishAuthEnforcement" name="test_publish_with_bogus_token_is_401" time="0.050" /><testcase classname="backend.tests.test_publish_observation.TestPublishValidation" name="test_publish_with_invalid_body_returns_4xx" time="0.060" /><testcase classname="backend.tests.test_publish_observation.TestPublishValidation" name="test_publish_with_invalid_image_base64_returns_400" time="0.057" /><testcase classname="backend.tests.test_publish_observation.TestPublishValidation" name="test_publish_with_empty_json_body_is_accepted_or_4xx" time="0.046" /><testcase classname="backend.tests.test_publish_observation" name="test_jpeg_base64_is_decodable" time="0.001" /></testsuite></testsuites>