<?xml version="1.0" encoding="utf-8"?><testsuites name="pytest tests"><testsuite name="pytest" errors="0" failures="0" skipped="0" tests="31" time="27.836" timestamp="2026-07-12T20:51:13.390462+00:00" hostname="agent-env-321b468c-81dc-4ae1-b183-6eb9c8226671"><testcase classname="backend.tests.test_social_auth.TestAuth" name="test_register_login_me_flow" time="6.527" /><testcase classname="backend.tests.test_social_auth.TestAuth" name="test_register_duplicate_email" time="0.620" /><testcase classname="backend.tests.test_social_auth.TestAuth" name="test_login_invalid_password" time="0.320" /><testcase classname="backend.tests.test_social_auth.TestAuth" name="test_me_requires_token" time="0.126" /><testcase classname="backend.tests.test_social_auth.TestObservations" name="test_create_observation_with_image" time="0.451" /><testcase classname="backend.tests.test_social_auth.TestObservations" name="test_media_endpoint_returns_image" time="0.155" /><testcase classname="backend.tests.test_social_auth.TestObservations" name="test_media_not_found" time="0.155" /><testcase classname="backend.tests.test_social_auth.TestObservations" name="test_create_listening_observation" time="0.458" /><testcase classname="backend.tests.test_social_auth.TestObservations" name="test_create_requires_auth" time="0.126" /><testcase classname="backend.tests.test_social_auth.TestFeed" name="test_feed_smart_default" time="0.094" /><testcase classname="backend.tests.test_social_auth.TestFeed" name="test_feed_sort_recent" time="0.110" /><testcase classname="backend.tests.test_social_auth.TestFeed" name="test_feed_filters_category_and_source" time="0.111" /><testcase classname="backend.tests.test_social_auth.TestFeed" name="test_feed_filter_media_type_audio" time="0.097" /><testcase classname="backend.tests.test_social_auth.TestFeed" name="test_feed_window_today" time="0.113" /><testcase classname="backend.tests.test_social_auth.TestFeed" name="test_feed_nearby" time="0.093" /><testcase classname="backend.tests.test_social_auth.TestFeed" name="test_feed_following_no_auth" time="0.098" /><testcase classname="backend.tests.test_social_auth.TestInteractions" name="test_get_observation_increments_views" time="0.183" /><testcase classname="backend.tests.test_social_auth.TestInteractions" name="test_interact_toggle" time="0.321" /><testcase classname="backend.tests.test_social_auth.TestInteractions" name="test_interact_invalid_type" time="0.128" /><testcase classname="backend.tests.test_social_auth.TestInteractions" name="test_get_observation_404" time="0.092" /><testcase classname="backend.tests.test_social_auth.TestComments" name="test_add_and_list_comments" time="0.203" /><testcase classname="backend.tests.test_social_auth.TestComments" name="test_empty_comment_rejected" time="0.111" /><testcase classname="backend.tests.test_social_auth.TestFollowAndProfile" name="test_follow_unfollow" time="0.395" /><testcase classname="backend.tests.test_social_auth.TestFollowAndProfile" name="test_cannot_follow_self" time="0.102" /><testcase classname="backend.tests.test_social_auth.TestFollowAndProfile" name="test_user_observations_endpoint" time="0.097" /><testcase classname="backend.tests.test_social_auth.TestFollowAndProfile" name="test_patch_me_bio" time="0.103" /><testcase classname="backend.tests.test_social_auth.TestFollowAndProfile" name="test_patch_me_nickname_conflict" time="0.094" /><testcase classname="backend.tests.test_social_auth.TestFollowAndProfile" name="test_get_profile_404" time="0.094" /><testcase classname="backend.tests.test_social_auth.TestAINarration" name="test_explain_opportunity" time="6.081" /><testcase classname="backend.tests.test_social_auth.TestAINarration" name="test_curiosity" time="5.812" /><testcase classname="backend.tests.test_social_auth.TestAINarration" name="test_explain_visualization" time="4.300" /></testsuite></testsuites>