<?xml version="1.0" encoding="utf-8"?><testsuites name="pytest tests"><testsuite name="pytest" errors="0" failures="0" skipped="0" tests="12" time="6.515" timestamp="2026-07-21T13:11:20.979705+00:00" hostname="agent-env-321b468c-81dc-4ae1-b183-6eb9c8226671"><testcase classname="backend.tests.test_regression_appjson.TestSeededAuth" name="test_seed_user_login" time="0.426" /><testcase classname="backend.tests.test_regression_appjson.TestSeededAuth" name="test_seed_user_me" time="0.471" /><testcase classname="backend.tests.test_regression_appjson.TestSeededAuth" name="test_register_then_login" time="0.671" /><testcase classname="backend.tests.test_regression_appjson.TestFeed" name="test_feed_returns_items" time="0.121" /><testcase classname="backend.tests.test_regression_appjson.TestFeed" name="test_feed_items_do_not_expose_follower_or_account_age" time="0.140" /><testcase classname="backend.tests.test_regression_appjson.TestFeed" name="test_feed_recent_sorted_by_created_at" time="0.120" /><testcase classname="backend.tests.test_regression_appjson.TestObservationsSeen" name="test_mark_seen_requires_auth" time="3.599" /><testcase classname="backend.tests.test_regression_appjson.TestObservationsSeen" name="test_mark_seen_records_view" time="0.461" /><testcase classname="backend.tests.test_regression_appjson.TestObservationsSeen" name="test_mark_seen_ignores_short_dwell" time="0.123" /><testcase classname="backend.tests.test_regression_appjson.TestGoLanding" name="test_go_renders_html" time="0.130" /><testcase classname="backend.tests.test_regression_appjson.TestGoLanding" name="test_go_unknown_id_still_renders" time="0.116" /><testcase classname="backend.tests.test_regression_appjson.TestAppleAppSiteAssociation" name="test_aasa_served" time="0.103" /></testsuite></testsuites>